<?xml version="1.0" encoding="UTF-8"?>
<!-- Generated by org.testng.reporters.JUnitXMLReporter -->
<testsuite ignored="1" hostname="DESKTOP-UNVGE05" failures="0" tests="1" name="Default test" time="3.193" errors="0" timestamp="23 Apr 2023 07:32:08 GMT">
  <testcase classname="testcases.TC001_logintest" name="InvalidLogin" time="0.468"/>
  <testcase classname="testcases.TC001_logintest" name="valid_login" time="0.0">
    <ignored/>
  </testcase> <!-- valid_login -->
</testsuite> <!-- Default test -->
