<?xml version="1.0" encoding="UTF-8"?>
<testng-results ignored="0" total="2" passed="2" failed="0" skipped="0">
  <reporter-output>
  </reporter-output>
  <suite started-at="2023-04-23T07:35:26Z" name="Suite" finished-at="2023-04-23T07:35:33Z" duration-ms="7022">
    <groups>
    </groups>
    <test started-at="2023-04-23T07:35:26Z" name="Test" finished-at="2023-04-23T07:35:33Z" duration-ms="7022">
      <class name="testcases.TC001_logintest">
        <test-method is-config="true" signature="ExcelSetup()[pri:0, instance:testcases.TC001_logintest@7357a011]" started-at="2023-04-23T07:35:25Z" name="ExcelSetup" finished-at="2023-04-23T07:35:26Z" duration-ms="235" status="PASS">
          <reporter-output>
          </reporter-output>
        </test-method> <!-- ExcelSetup -->
        <test-method is-config="true" signature="SetUp(java.lang.reflect.Method)[pri:0, instance:testcases.TC001_logintest@7357a011]" started-at="2023-04-23T07:35:26Z" name="SetUp" finished-at="2023-04-23T07:35:29Z" duration-ms="3595" status="PASS">
          <params>
            <param index="0">
              <value>
                <![CDATA[public void testcases.TC001_logintest.InvalidLogin() throws com.codoid.products.exception.FilloException]]>
              </value>
            </param>
          </params>
          <reporter-output>
          </reporter-output>
        </test-method> <!-- SetUp -->
        <test-method signature="InvalidLogin()[pri:0, instance:testcases.TC001_logintest@7357a011]" started-at="2023-04-23T07:35:29Z" name="InvalidLogin" finished-at="2023-04-23T07:35:30Z" duration-ms="577" status="PASS">
          <reporter-output>
          </reporter-output>
        </test-method> <!-- InvalidLogin -->
        <test-method is-config="true" signature="TearDown()[pri:0, instance:testcases.TC001_logintest@7357a011]" started-at="2023-04-23T07:35:30Z" name="TearDown" finished-at="2023-04-23T07:35:30Z" duration-ms="298" status="PASS">
          <reporter-output>
          </reporter-output>
        </test-method> <!-- TearDown -->
        <test-method is-config="true" signature="SetUp(java.lang.reflect.Method)[pri:0, instance:testcases.TC001_logintest@7357a011]" started-at="2023-04-23T07:35:30Z" name="SetUp" finished-at="2023-04-23T07:35:32Z" duration-ms="2008" status="PASS">
          <params>
            <param index="0">
              <value>
                <![CDATA[public void testcases.TC001_logintest.valid_login() throws java.lang.InterruptedException,com.codoid.products.exception.FilloException]]>
              </value>
            </param>
          </params>
          <reporter-output>
          </reporter-output>
        </test-method> <!-- SetUp -->
        <test-method signature="valid_login()[pri:0, instance:testcases.TC001_logintest@7357a011]" started-at="2023-04-23T07:35:32Z" name="valid_login" finished-at="2023-04-23T07:35:32Z" duration-ms="251" status="PASS">
          <reporter-output>
          </reporter-output>
        </test-method> <!-- valid_login -->
        <test-method is-config="true" signature="TearDown()[pri:0, instance:testcases.TC001_logintest@7357a011]" started-at="2023-04-23T07:35:32Z" name="TearDown" finished-at="2023-04-23T07:35:33Z" duration-ms="284" status="PASS">
          <reporter-output>
          </reporter-output>
        </test-method> <!-- TearDown -->
      </class> <!-- testcases.TC001_logintest -->
    </test> <!-- Test -->
  </suite> <!-- Suite -->
</testng-results>
